# JRE version: OpenJDK Runtime Environment (8.0_202-b03) (build 1.8.0_202-release-1483-b03)
# Java VM: OpenJDK 64-Bit Server VM (25.202-b03 mixed mode windows-amd64 compressed oops)
Heap:
 PSYoungGen      total 259072K, used 27425K [0x00000000e0000000, 0x00000000f4080000, 0x0000000100000000)
  eden space 238592K, 2% used [0x00000000e0000000,0x00000000e06cf840,0x00000000ee900000)
  from space 20480K, 99% used [0x00000000f2c80000,0x00000000f4078f88,0x00000000f4080000)
  to   space 20992K, 0% used [0x00000000ee900000,0x00000000ee900000,0x00000000efd80000)
 ParOldGen       total 129536K, used 36738K [0x00000000a0000000, 0x00000000a7e80000, 0x00000000e0000000)
  object space 129536K, 28% used [0x00000000a0000000,0x00000000a23e0a68,0x00000000a7e80000)
 Metaspace       used 77478K, capacity 81172K, committed 81368K, reserved 1120256K
  class space    used 10518K, capacity 11235K, committed 11264K, reserved 1048576K
GC Heap History (10 events):
Event: 8.705 GC heap before
{Heap before GC invocations=11 (full 2):
 PSYoungGen      total 200704K, used 186880K [0x00000000e0000000, 0x00000000f0000000, 0x0000000100000000)
  eden space 186880K, 100% used [0x00000000e0000000,0x00000000eb680000,0x00000000eb680000)
  from space 13824K, 0% used [0x00000000ec380000,0x00000000ec380000,0x00000000ed100000)
  to   space 13312K, 0% used [0x00000000eb680000,0x00000000eb680000,0x00000000ec380000)
 ParOldGen       total 86016K, used 14984K [0x00000000a0000000, 0x00000000a5400000, 0x00000000e0000000)
  object space 86016K, 17% used [0x00000000a0000000,0x00000000a0ea2328,0x00000000a5400000)
 Metaspace       used 51951K, capacity 53410K, committed 53632K, reserved 1095680K
  class space    used 7038K, capacity 7438K, committed 7552K, reserved 1048576K
Event: 8.722 GC heap after
Heap after GC invocations=11 (full 2):
 PSYoungGen      total 200192K, used 13293K [0x00000000e0000000, 0x00000000f1000000, 0x0000000100000000)
  eden space 186880K, 0% used [0x00000000e0000000,0x00000000e0000000,0x00000000eb680000)
  from space 13312K, 99% used [0x00000000eb680000,0x00000000ec37b4c8,0x00000000ec380000)
  to   space 18944K, 0% used [0x00000000efd80000,0x00000000efd80000,0x00000000f1000000)
 ParOldGen       total 86016K, used 25132K [0x00000000a0000000, 0x00000000a5400000, 0x00000000e0000000)
  object space 86016K, 29% used [0x00000000a0000000,0x00000000a188b0e8,0x00000000a5400000)
 Metaspace       used 51951K, capacity 53410K, committed 53632K, reserved 1095680K
  class space    used 7038K, capacity 7438K, committed 7552K, reserved 1048576K
}
Event: 9.516 GC heap before
{Heap before GC invocations=12 (full 2):
 PSYoungGen      total 200192K, used 83342K [0x00000000e0000000, 0x00000000f1000000, 0x0000000100000000)
  eden space 186880K, 37% used [0x00000000e0000000,0x00000000e4468340,0x00000000eb680000)
  from space 13312K, 99% used [0x00000000eb680000,0x00000000ec37b4c8,0x00000000ec380000)
  to   space 18944K, 0% used [0x00000000efd80000,0x00000000efd80000,0x00000000f1000000)
 ParOldGen       total 86016K, used 25132K [0x00000000a0000000, 0x00000000a5400000, 0x00000000e0000000)
  object space 86016K, 29% used [0x00000000a0000000,0x00000000a188b0e8,0x00000000a5400000)
 Metaspace       used 57318K, capacity 58966K, committed 59096K, reserved 1099776K
  class space    used 7780K, capacity 8162K, committed 8192K, reserved 1048576K
Event: 9.537 GC heap after
Heap after GC invocations=12 (full 2):
 PSYoungGen      total 257536K, used 17245K [0x00000000e0000000, 0x00000000f1400000, 0x0000000100000000)
  eden space 238592K, 0% used [0x00000000e0000000,0x00000000e0000000,0x00000000ee900000)
  from space 18944K, 91% used [0x00000000efd80000,0x00000000f0e57730,0x00000000f1000000)
  to   space 20992K, 0% used [0x00000000ee900000,0x00000000ee900000,0x00000000efd80000)
 ParOldGen       total 86016K, used 25204K [0x00000000a0000000, 0x00000000a5400000, 0x00000000e0000000)
  object space 86016K, 29% used [0x00000000a0000000,0x00000000a189d0f8,0x00000000a5400000)
 Metaspace       used 57318K, capacity 58966K, committed 59096K, reserved 1099776K
  class space    used 7780K, capacity 8162K, committed 8192K, reserved 1048576K
}
Event: 9.537 GC heap before
{Heap before GC invocations=13 (full 3):
 PSYoungGen      total 257536K, used 17245K [0x00000000e0000000, 0x00000000f1400000, 0x0000000100000000)
  eden space 238592K, 0% used [0x00000000e0000000,0x00000000e0000000,0x00000000ee900000)
  from space 18944K, 91% used [0x00000000efd80000,0x00000000f0e57730,0x00000000f1000000)
  to   space 20992K, 0% used [0x00000000ee900000,0x00000000ee900000,0x00000000efd80000)
 ParOldGen       total 86016K, used 25204K [0x00000000a0000000, 0x00000000a5400000, 0x00000000e0000000)
  object space 86016K, 29% used [0x00000000a0000000,0x00000000a189d0f8,0x00000000a5400000)
 Metaspace       used 57318K, capacity 58966K, committed 59096K, reserved 1099776K
  class space    used 7780K, capacity 8162K, committed 8192K, reserved 1048576K
Event: 9.759 GC heap after
Heap after GC invocations=13 (full 3):
 PSYoungGen      total 257536K, used 0K [0x00000000e0000000, 0x00000000f1400000, 0x0000000100000000)
  eden space 238592K, 0% used [0x00000000e0000000,0x00000000e0000000,0x00000000ee900000)
  from space 18944K, 0% used [0x00000000efd80000,0x00000000efd80000,0x00000000f1000000)
  to   space 20992K, 0% used [0x00000000ee900000,0x00000000ee900000,0x00000000efd80000)
 ParOldGen       total 129536K, used 31444K [0x00000000a0000000, 0x00000000a7e80000, 0x00000000e0000000)
  object space 129536K, 24% used [0x00000000a0000000,0x00000000a1eb50c8,0x00000000a7e80000)
 Metaspace       used 57318K, capacity 58966K, committed 59096K, reserved 1099776K
  class space    used 7780K, capacity 8162K, committed 8192K, reserved 1048576K
}
Event: 17.185 GC heap before
{Heap before GC invocations=14 (full 3):
 PSYoungGen      total 257536K, used 238592K [0x00000000e0000000, 0x00000000f1400000, 0x0000000100000000)
  eden space 238592K, 100% used [0x00000000e0000000,0x00000000ee900000,0x00000000ee900000)
  from space 18944K, 0% used [0x00000000efd80000,0x00000000efd80000,0x00000000f1000000)
  to   space 20992K, 0% used [0x00000000ee900000,0x00000000ee900000,0x00000000efd80000)
 ParOldGen       total 129536K, used 31444K [0x00000000a0000000, 0x00000000a7e80000, 0x00000000e0000000)
  object space 129536K, 24% used [0x00000000a0000000,0x00000000a1eb50c8,0x00000000a7e80000)
 Metaspace       used 63451K, capacity 65854K, committed 66008K, reserved 1105920K
  class space    used 8576K, capacity 9098K, committed 9216K, reserved 1048576K
Event: 17.199 GC heap after
Heap after GC invocations=14 (full 3):
 PSYoungGen      total 259584K, used 12666K [0x00000000e0000000, 0x00000000f4080000, 0x0000000100000000)
  eden space 238592K, 0% used [0x00000000e0000000,0x00000000e0000000,0x00000000ee900000)
  from space 20992K, 60% used [0x00000000ee900000,0x00000000ef55ebb8,0x00000000efd80000)
  to   space 20480K, 0% used [0x00000000f2c80000,0x00000000f2c80000,0x00000000f4080000)
 ParOldGen       total 129536K, used 31452K [0x00000000a0000000, 0x00000000a7e80000, 0x00000000e0000000)
  object space 129536K, 24% used [0x00000000a0000000,0x00000000a1eb70c8,0x00000000a7e80000)
 Metaspace       used 63451K, capacity 65854K, committed 66008K, reserved 1105920K
  class space    used 8576K, capacity 9098K, committed 9216K, reserved 1048576K
}
Event: 24.318 GC heap before
{Heap before GC invocations=15 (full 3):
 PSYoungGen      total 259584K, used 251258K [0x00000000e0000000, 0x00000000f4080000, 0x0000000100000000)
  eden space 238592K, 100% used [0x00000000e0000000,0x00000000ee900000,0x00000000ee900000)
  from space 20992K, 60% used [0x00000000ee900000,0x00000000ef55ebb8,0x00000000efd80000)
  to   space 20480K, 0% used [0x00000000f2c80000,0x00000000f2c80000,0x00000000f4080000)
 ParOldGen       total 129536K, used 31452K [0x00000000a0000000, 0x00000000a7e80000, 0x00000000e0000000)
  object space 129536K, 24% used [0x00000000a0000000,0x00000000a1eb70c8,0x00000000a7e80000)
 Metaspace       used 76875K, capacity 80466K, committed 80728K, reserved 1118208K
  class space    used 10357K, capacity 11072K, committed 11136K, reserved 1048576K
Event: 24.341 GC heap after
Heap after GC invocations=15 (full 3):
 PSYoungGen      total 259072K, used 20451K [0x00000000e0000000, 0x00000000f4080000, 0x0000000100000000)
  eden space 238592K, 0% used [0x00000000e0000000,0x00000000e0000000,0x00000000ee900000)
  from space 20480K, 99% used [0x00000000f2c80000,0x00000000f4078f88,0x00000000f4080000)
  to   space 20992K, 0% used [0x00000000ee900000,0x00000000ee900000,0x00000000efd80000)
 ParOldGen       total 129536K, used 36738K [0x00000000a0000000, 0x00000000a7e80000, 0x00000000e0000000)
  object space 129536K, 28% used [0x00000000a0000000,0x00000000a23e0a68,0x00000000a7e80000)
 Metaspace       used 76875K, capacity 80466K, committed 80728K, reserved 1118208K
  class space    used 10357K, capacity 11072K, committed 11136K, reserved 1048576K
}

