# JRE version: OpenJDK Runtime Environment (8.0_202-b03) (build 1.8.0_202-release-1483-b03)
# Java VM: OpenJDK 64-Bit Server VM (25.202-b03 mixed mode windows-amd64 compressed oops)
Heap:
 PSYoungGen      total 179712K, used 100820K [0x00000000e0000000, 0x00000000ed080000, 0x0000000100000000)
  eden space 163328K, 51% used [0x00000000e0000000,0x00000000e52c2900,0x00000000e9f80000)
  from space 16384K, 98% used [0x00000000eb180000,0x00000000ec132980,0x00000000ec180000)
  to   space 15360K, 0% used [0x00000000ec180000,0x00000000ec180000,0x00000000ed080000)
 ParOldGen       total 130560K, used 49852K [0x00000000a0000000, 0x00000000a7f80000, 0x00000000e0000000)
  object space 130560K, 38% used [0x00000000a0000000,0x00000000a30af348,0x00000000a7f80000)
 Metaspace       used 85818K, capacity 90214K, committed 90328K, reserved 1128448K
  class space    used 11354K, capacity 12174K, committed 12288K, reserved 1048576K
GC Heap History (10 events):
Event: 1182.389 GC heap before
{Heap before GC invocations=16 (full 3):
 PSYoungGen      total 196608K, used 196136K [0x00000000e0000000, 0x00000000eda80000, 0x0000000100000000)
  eden space 183296K, 100% used [0x00000000e0000000,0x00000000eb300000,0x00000000eb300000)
  from space 13312K, 96% used [0x00000000ecd80000,0x00000000eda0a340,0x00000000eda80000)
  to   space 18944K, 0% used [0x00000000eb580000,0x00000000eb580000,0x00000000ec800000)
 ParOldGen       total 130560K, used 35805K [0x00000000a0000000, 0x00000000a7f80000, 0x00000000e0000000)
  object space 130560K, 27% used [0x00000000a0000000,0x00000000a22f7430,0x00000000a7f80000)
 Metaspace       used 66535K, capacity 68710K, committed 68824K, reserved 1110016K
  class space    used 8682K, capacity 9208K, committed 9216K, reserved 1048576K
Event: 1182.413 GC heap after
Heap after GC invocations=16 (full 3):
 PSYoungGen      total 204800K, used 12816K [0x00000000e0000000, 0x00000000eee80000, 0x0000000100000000)
  eden space 185856K, 0% used [0x00000000e0000000,0x00000000e0000000,0x00000000eb580000)
  from space 18944K, 67% used [0x00000000eb580000,0x00000000ec204220,0x00000000ec800000)
  to   space 18944K, 0% used [0x00000000edc00000,0x00000000edc00000,0x00000000eee80000)
 ParOldGen       total 130560K, used 35813K [0x00000000a0000000, 0x00000000a7f80000, 0x00000000e0000000)
  object space 130560K, 27% used [0x00000000a0000000,0x00000000a22f9430,0x00000000a7f80000)
 Metaspace       used 66535K, capacity 68710K, committed 68824K, reserved 1110016K
  class space    used 8682K, capacity 9208K, committed 9216K, reserved 1048576K
}
Event: 1199.140 GC heap before
{Heap before GC invocations=17 (full 3):
 PSYoungGen      total 204800K, used 198672K [0x00000000e0000000, 0x00000000eee80000, 0x0000000100000000)
  eden space 185856K, 100% used [0x00000000e0000000,0x00000000eb580000,0x00000000eb580000)
  from space 18944K, 67% used [0x00000000eb580000,0x00000000ec204220,0x00000000ec800000)
  to   space 18944K, 0% used [0x00000000edc00000,0x00000000edc00000,0x00000000eee80000)
 ParOldGen       total 130560K, used 35813K [0x00000000a0000000, 0x00000000a7f80000, 0x00000000e0000000)
  object space 130560K, 27% used [0x00000000a0000000,0x00000000a22f9430,0x00000000a7f80000)
 Metaspace       used 67153K, capacity 69396K, committed 69720K, reserved 1110016K
  class space    used 8706K, capacity 9225K, committed 9344K, reserved 1048576K
Event: 1199.152 GC heap after
Heap after GC invocations=17 (full 3):
 PSYoungGen      total 194048K, used 13993K [0x00000000e0000000, 0x00000000eea00000, 0x0000000100000000)
  eden space 179712K, 0% used [0x00000000e0000000,0x00000000e0000000,0x00000000eaf80000)
  from space 14336K, 97% used [0x00000000edc00000,0x00000000ee9aa470,0x00000000eea00000)
  to   space 19456K, 0% used [0x00000000ec400000,0x00000000ec400000,0x00000000ed700000)
 ParOldGen       total 130560K, used 35821K [0x00000000a0000000, 0x00000000a7f80000, 0x00000000e0000000)
  object space 130560K, 27% used [0x00000000a0000000,0x00000000a22fb430,0x00000000a7f80000)
 Metaspace       used 67153K, capacity 69396K, committed 69720K, reserved 1110016K
  class space    used 8706K, capacity 9225K, committed 9344K, reserved 1048576K
}
Event: 1260.676 GC heap before
{Heap before GC invocations=18 (full 3):
 PSYoungGen      total 194048K, used 193705K [0x00000000e0000000, 0x00000000eea00000, 0x0000000100000000)
  eden space 179712K, 100% used [0x00000000e0000000,0x00000000eaf80000,0x00000000eaf80000)
  from space 14336K, 97% used [0x00000000edc00000,0x00000000ee9aa470,0x00000000eea00000)
  to   space 19456K, 0% used [0x00000000ec400000,0x00000000ec400000,0x00000000ed700000)
 ParOldGen       total 130560K, used 35821K [0x00000000a0000000, 0x00000000a7f80000, 0x00000000e0000000)
  object space 130560K, 27% used [0x00000000a0000000,0x00000000a22fb430,0x00000000a7f80000)
 Metaspace       used 67716K, capacity 70008K, committed 70232K, reserved 1110016K
  class space    used 8726K, capacity 9251K, committed 9344K, reserved 1048576K
Event: 1260.689 GC heap after
Heap after GC invocations=18 (full 3):
 PSYoungGen      total 186368K, used 11856K [0x00000000e0000000, 0x00000000edc80000, 0x0000000100000000)
  eden space 174080K, 0% used [0x00000000e0000000,0x00000000e0000000,0x00000000eaa00000)
  from space 12288K, 96% used [0x00000000ec400000,0x00000000ecf94070,0x00000000ed000000)
  to   space 12800K, 0% used [0x00000000ed000000,0x00000000ed000000,0x00000000edc80000)
 ParOldGen       total 130560K, used 35829K [0x00000000a0000000, 0x00000000a7f80000, 0x00000000e0000000)
  object space 130560K, 27% used [0x00000000a0000000,0x00000000a22fd430,0x00000000a7f80000)
 Metaspace       used 67716K, capacity 70008K, committed 70232K, reserved 1110016K
  class space    used 8726K, capacity 9251K, committed 9344K, reserved 1048576K
}
Event: 1269.171 GC heap before
{Heap before GC invocations=19 (full 3):
 PSYoungGen      total 186368K, used 185936K [0x00000000e0000000, 0x00000000edc80000, 0x0000000100000000)
  eden space 174080K, 100% used [0x00000000e0000000,0x00000000eaa00000,0x00000000eaa00000)
  from space 12288K, 96% used [0x00000000ec400000,0x00000000ecf94070,0x00000000ed000000)
  to   space 12800K, 0% used [0x00000000ed000000,0x00000000ed000000,0x00000000edc80000)
 ParOldGen       total 130560K, used 35829K [0x00000000a0000000, 0x00000000a7f80000, 0x00000000e0000000)
  object space 130560K, 27% used [0x00000000a0000000,0x00000000a22fd430,0x00000000a7f80000)
 Metaspace       used 74233K, capacity 76490K, committed 76760K, reserved 1116160K
  class space    used 9431K, capacity 9934K, committed 9984K, reserved 1048576K
Event: 1269.190 GC heap after
Heap after GC invocations=19 (full 3):
 PSYoungGen      total 181248K, used 12772K [0x00000000e0000000, 0x00000000edc80000, 0x0000000100000000)
  eden space 168448K, 0% used [0x00000000e0000000,0x00000000e0000000,0x00000000ea480000)
  from space 12800K, 99% used [0x00000000ed000000,0x00000000edc790a0,0x00000000edc80000)
  to   space 22016K, 0% used [0x00000000eb180000,0x00000000eb180000,0x00000000ec700000)
 ParOldGen       total 130560K, used 43945K [0x00000000a0000000, 0x00000000a7f80000, 0x00000000e0000000)
  object space 130560K, 33% used [0x00000000a0000000,0x00000000a2aea5d8,0x00000000a7f80000)
 Metaspace       used 74233K, capacity 76490K, committed 76760K, reserved 1116160K
  class space    used 9431K, capacity 9934K, committed 9984K, reserved 1048576K
}
Event: 1275.646 GC heap before
{Heap before GC invocations=20 (full 3):
 PSYoungGen      total 181248K, used 181220K [0x00000000e0000000, 0x00000000edc80000, 0x0000000100000000)
  eden space 168448K, 100% used [0x00000000e0000000,0x00000000ea480000,0x00000000ea480000)
  from space 12800K, 99% used [0x00000000ed000000,0x00000000edc790a0,0x00000000edc80000)
  to   space 22016K, 0% used [0x00000000eb180000,0x00000000eb180000,0x00000000ec700000)
 ParOldGen       total 130560K, used 43945K [0x00000000a0000000, 0x00000000a7f80000, 0x00000000e0000000)
  object space 130560K, 33% used [0x00000000a0000000,0x00000000a2aea5d8,0x00000000a7f80000)
 Metaspace       used 84492K, capacity 88688K, committed 88792K, reserved 1126400K
  class space    used 11154K, capacity 11959K, committed 12032K, reserved 1048576K
Event: 1275.668 GC heap after
Heap after GC invocations=20 (full 3):
 PSYoungGen      total 179712K, used 16074K [0x00000000e0000000, 0x00000000ed080000, 0x0000000100000000)
  eden space 163328K, 0% used [0x00000000e0000000,0x00000000e0000000,0x00000000e9f80000)
  from space 16384K, 98% used [0x00000000eb180000,0x00000000ec132980,0x00000000ec180000)
  to   space 15360K, 0% used [0x00000000ec180000,0x00000000ec180000,0x00000000ed080000)
 ParOldGen       total 130560K, used 49852K [0x00000000a0000000, 0x00000000a7f80000, 0x00000000e0000000)
  object space 130560K, 38% used [0x00000000a0000000,0x00000000a30af348,0x00000000a7f80000)
 Metaspace       used 84492K, capacity 88688K, committed 88792K, reserved 1126400K
  class space    used 11154K, capacity 11959K, committed 12032K, reserved 1048576K
}

